2017-08-21 09:46:39 [::1][-][-][error][yii\base\InvalidParamException] exception 'yii\base\InvalidParamException' with message 'The file or directory to be published does not exist: /var/www/html/yii2-app-basic/advanced/vendor/bower/jquery/dist' in /var/www/html/yii2-app-basic/advanced/vendor/yiisoft/yii2/web/AssetManager.php:454
Stack trace:
#0 /var/www/html/yii2-app-basic/advanced/vendor/yiisoft/yii2/web/AssetBundle.php(185): yii\web\AssetManager->publish('/var/www/html/y...', Array)
#1 /var/www/html/yii2-app-basic/advanced/vendor/yiisoft/yii2/web/AssetManager.php(268): yii\web\AssetBundle->publish(Object(yii\web\AssetManager))
#2 /var/www/html/yii2-app-basic/advanced/vendor/yiisoft/yii2/web/AssetManager.php(239): yii\web\AssetManager->loadBundle('yii\\web\\JqueryA...', Array, true)
#3 /var/www/html/yii2-app-basic/advanced/vendor/yiisoft/yii2/web/View.php(286): yii\web\AssetManager->getBundle('yii\\web\\JqueryA...')
#4 /var/www/html/yii2-app-basic/advanced/vendor/yiisoft/yii2/web/View.php(291): yii\web\View->registerAssetBundle('yii\\web\\JqueryA...', NULL)
#5 /var/www/html/yii2-app-basic/advanced/vendor/yiisoft/yii2/web/View.php(291): yii\web\View->registerAssetBundle('yii\\web\\YiiAsse...', NULL)
#6 /var/www/html/yii2-app-basic/advanced/vendor/yiisoft/yii2/web/AssetBundle.php(125): yii\web\View->registerAssetBundle('frontend\\assets...')
#7 /var/www/html/yii2-app-basic/advanced/frontend/views/layouts/main.php(13): yii\web\AssetBundle::register(Object(yii\web\View))
#8 /var/www/html/yii2-app-basic/advanced/vendor/yiisoft/yii2/base/View.php(330): require('/var/www/html/y...')
#9 /var/www/html/yii2-app-basic/advanced/vendor/yiisoft/yii2/base/View.php(250): yii\base\View->renderPhpFile('/var/www/html/y...', Array)
#10 /var/www/html/yii2-app-basic/advanced/vendor/yiisoft/yii2/base/Controller.php(396): yii\base\View->renderFile('/var/www/html/y...', Array, Object(frontend\controllers\SiteController))
#11 /var/www/html/yii2-app-basic/advanced/vendor/yiisoft/yii2/base/Controller.php(382): yii\base\Controller->renderContent('<div class="sit...')
#12 /var/www/html/yii2-app-basic/advanced/frontend/controllers/SiteController.php(75): yii\base\Controller->render('index')
#13 [internal function]: frontend\controllers\SiteController->actionIndex()
#14 /var/www/html/yii2-app-basic/advanced/vendor/yiisoft/yii2/base/InlineAction.php(57): call_user_func_array(Array, Array)
#15 /var/www/html/yii2-app-basic/advanced/vendor/yiisoft/yii2/base/Controller.php(156): yii\base\InlineAction->runWithParams(Array)
#16 /var/www/html/yii2-app-basic/advanced/vendor/yiisoft/yii2/base/Module.php(523): yii\base\Controller->runAction('', Array)
#17 /var/www/html/yii2-app-basic/advanced/vendor/yiisoft/yii2/web/Application.php(102): yii\base\Module->runAction('', Array)
#18 /var/www/html/yii2-app-basic/advanced/vendor/yiisoft/yii2/base/Application.php(380): yii\web\Application->handleRequest(Object(yii\web\Request))
#19 /var/www/html/yii2-app-basic/advanced/frontend/web/index.php(17): yii\base\Application->run()
#20 {main}
2017-08-21 09:46:39 [::1][-][-][info][application] $_SERVER = [
    'HTTP_HOST' => 'localhost'
    'HTTP_CONNECTION' => 'keep-alive'
    'HTTP_UPGRADE_INSECURE_REQUESTS' => '1'
    'HTTP_USER_AGENT' => 'Mozilla/5.0 (X11; Linux x86_64) AppleWebKit/537.36 (KHTML, like Gecko) Chrome/58.0.3029.96 Safari/537.36'
    'HTTP_ACCEPT' => 'text/html,application/xhtml+xml,application/xml;q=0.9,image/webp,*/*;q=0.8'
    'HTTP_ACCEPT_ENCODING' => 'gzip, deflate, sdch, br'
    'HTTP_ACCEPT_LANGUAGE' => 'en-GB,en-US;q=0.8,en;q=0.6'
    'PATH' => '/usr/local/sbin:/usr/local/bin:/usr/sbin:/usr/bin:/sbin:/bin'
    'SERVER_SIGNATURE' => '<address>Apache/2.4.7 (Ubuntu) Server at localhost Port 80</address>
'
    'SERVER_SOFTWARE' => 'Apache/2.4.7 (Ubuntu)'
    'SERVER_NAME' => 'localhost'
    'SERVER_ADDR' => '::1'
    'SERVER_PORT' => '80'
    'REMOTE_ADDR' => '::1'
    'DOCUMENT_ROOT' => '/var/www/html'
    'REQUEST_SCHEME' => 'http'
    'CONTEXT_PREFIX' => ''
    'CONTEXT_DOCUMENT_ROOT' => '/var/www/html'
    'SERVER_ADMIN' => 'webmaster@localhost'
    'SCRIPT_FILENAME' => '/var/www/html/yii2-app-basic/advanced/frontend/web/index.php'
    'REMOTE_PORT' => '60073'
    'GATEWAY_INTERFACE' => 'CGI/1.1'
    'SERVER_PROTOCOL' => 'HTTP/1.1'
    'REQUEST_METHOD' => 'GET'
    'QUERY_STRING' => ''
    'REQUEST_URI' => '/yii2-app-basic/advanced/frontend/web/'
    'SCRIPT_NAME' => '/yii2-app-basic/advanced/frontend/web/index.php'
    'PHP_SELF' => '/yii2-app-basic/advanced/frontend/web/index.php'
    'REQUEST_TIME_FLOAT' => 1503308798.708
    'REQUEST_TIME' => 1503308798
]
2017-08-21 10:18:13 [::1][-][-][error][yii\base\InvalidParamException] exception 'yii\base\InvalidParamException' with message 'The file or directory to be published does not exist: /var/www/html/advanced/vendor/bower/jquery/dist' in /var/www/html/advanced/vendor/yiisoft/yii2/web/AssetManager.php:454
Stack trace:
#0 /var/www/html/advanced/vendor/yiisoft/yii2/web/AssetBundle.php(185): yii\web\AssetManager->publish('/var/www/html/a...', Array)
#1 /var/www/html/advanced/vendor/yiisoft/yii2/web/AssetManager.php(268): yii\web\AssetBundle->publish(Object(yii\web\AssetManager))
#2 /var/www/html/advanced/vendor/yiisoft/yii2/web/AssetManager.php(239): yii\web\AssetManager->loadBundle('yii\\web\\JqueryA...', Array, true)
#3 /var/www/html/advanced/vendor/yiisoft/yii2/web/View.php(286): yii\web\AssetManager->getBundle('yii\\web\\JqueryA...')
#4 /var/www/html/advanced/vendor/yiisoft/yii2/web/View.php(291): yii\web\View->registerAssetBundle('yii\\web\\JqueryA...', NULL)
#5 /var/www/html/advanced/vendor/yiisoft/yii2/web/View.php(291): yii\web\View->registerAssetBundle('yii\\web\\YiiAsse...', NULL)
#6 /var/www/html/advanced/vendor/yiisoft/yii2/web/AssetBundle.php(125): yii\web\View->registerAssetBundle('frontend\\assets...')
#7 /var/www/html/advanced/frontend/views/layouts/main.php(13): yii\web\AssetBundle::register(Object(yii\web\View))
#8 /var/www/html/advanced/vendor/yiisoft/yii2/base/View.php(330): require('/var/www/html/a...')
#9 /var/www/html/advanced/vendor/yiisoft/yii2/base/View.php(250): yii\base\View->renderPhpFile('/var/www/html/a...', Array)
#10 /var/www/html/advanced/vendor/yiisoft/yii2/base/Controller.php(396): yii\base\View->renderFile('/var/www/html/a...', Array, Object(frontend\controllers\SiteController))
#11 /var/www/html/advanced/vendor/yiisoft/yii2/base/Controller.php(382): yii\base\Controller->renderContent('<div class="sit...')
#12 /var/www/html/advanced/frontend/controllers/SiteController.php(75): yii\base\Controller->render('index')
#13 [internal function]: frontend\controllers\SiteController->actionIndex()
#14 /var/www/html/advanced/vendor/yiisoft/yii2/base/InlineAction.php(57): call_user_func_array(Array, Array)
#15 /var/www/html/advanced/vendor/yiisoft/yii2/base/Controller.php(156): yii\base\InlineAction->runWithParams(Array)
#16 /var/www/html/advanced/vendor/yiisoft/yii2/base/Module.php(523): yii\base\Controller->runAction('', Array)
#17 /var/www/html/advanced/vendor/yiisoft/yii2/web/Application.php(102): yii\base\Module->runAction('', Array)
#18 /var/www/html/advanced/vendor/yiisoft/yii2/base/Application.php(380): yii\web\Application->handleRequest(Object(yii\web\Request))
#19 /var/www/html/advanced/frontend/web/index.php(17): yii\base\Application->run()
#20 {main}
2017-08-21 10:18:13 [::1][-][-][info][application] $_SERVER = [
    'HTTP_HOST' => 'localhost'
    'HTTP_CONNECTION' => 'keep-alive'
    'HTTP_PRAGMA' => 'no-cache'
    'HTTP_CACHE_CONTROL' => 'no-cache'
    'HTTP_UPGRADE_INSECURE_REQUESTS' => '1'
    'HTTP_USER_AGENT' => 'Mozilla/5.0 (X11; Linux x86_64) AppleWebKit/537.36 (KHTML, like Gecko) Chrome/58.0.3029.96 Safari/537.36'
    'HTTP_ACCEPT' => 'text/html,application/xhtml+xml,application/xml;q=0.9,image/webp,*/*;q=0.8'
    'HTTP_ACCEPT_ENCODING' => 'gzip, deflate, sdch, br'
    'HTTP_ACCEPT_LANGUAGE' => 'en-GB,en-US;q=0.8,en;q=0.6'
    'PATH' => '/usr/local/sbin:/usr/local/bin:/usr/sbin:/usr/bin:/sbin:/bin'
    'SERVER_SIGNATURE' => '<address>Apache/2.4.7 (Ubuntu) Server at localhost Port 80</address>
'
    'SERVER_SOFTWARE' => 'Apache/2.4.7 (Ubuntu)'
    'SERVER_NAME' => 'localhost'
    'SERVER_ADDR' => '::1'
    'SERVER_PORT' => '80'
    'REMOTE_ADDR' => '::1'
    'DOCUMENT_ROOT' => '/var/www/html'
    'REQUEST_SCHEME' => 'http'
    'CONTEXT_PREFIX' => ''
    'CONTEXT_DOCUMENT_ROOT' => '/var/www/html'
    'SERVER_ADMIN' => 'webmaster@localhost'
    'SCRIPT_FILENAME' => '/var/www/html/advanced/frontend/web/index.php'
    'REMOTE_PORT' => '60966'
    'GATEWAY_INTERFACE' => 'CGI/1.1'
    'SERVER_PROTOCOL' => 'HTTP/1.1'
    'REQUEST_METHOD' => 'GET'
    'QUERY_STRING' => ''
    'REQUEST_URI' => '/advanced/frontend/web/'
    'SCRIPT_NAME' => '/advanced/frontend/web/index.php'
    'PHP_SELF' => '/advanced/frontend/web/index.php'
    'REQUEST_TIME_FLOAT' => 1503310693.648
    'REQUEST_TIME' => 1503310693
]
2017-08-21 10:20:19 [::1][-][-][error][yii\base\InvalidParamException] exception 'yii\base\InvalidParamException' with message 'The file or directory to be published does not exist: /var/www/html/advanced/vendor/bower/jquery/dist' in /var/www/html/advanced/vendor/yiisoft/yii2/web/AssetManager.php:454
Stack trace:
#0 /var/www/html/advanced/vendor/yiisoft/yii2/web/AssetBundle.php(185): yii\web\AssetManager->publish('/var/www/html/a...', Array)
#1 /var/www/html/advanced/vendor/yiisoft/yii2/web/AssetManager.php(268): yii\web\AssetBundle->publish(Object(yii\web\AssetManager))
#2 /var/www/html/advanced/vendor/yiisoft/yii2/web/AssetManager.php(239): yii\web\AssetManager->loadBundle('yii\\web\\JqueryA...', Array, true)
#3 /var/www/html/advanced/vendor/yiisoft/yii2/web/View.php(286): yii\web\AssetManager->getBundle('yii\\web\\JqueryA...')
#4 /var/www/html/advanced/vendor/yiisoft/yii2/web/View.php(291): yii\web\View->registerAssetBundle('yii\\web\\JqueryA...', NULL)
#5 /var/www/html/advanced/vendor/yiisoft/yii2/web/View.php(291): yii\web\View->registerAssetBundle('yii\\web\\YiiAsse...', NULL)
#6 /var/www/html/advanced/vendor/yiisoft/yii2/web/AssetBundle.php(125): yii\web\View->registerAssetBundle('frontend\\assets...')
#7 /var/www/html/advanced/frontend/views/layouts/main.php(13): yii\web\AssetBundle::register(Object(yii\web\View))
#8 /var/www/html/advanced/vendor/yiisoft/yii2/base/View.php(330): require('/var/www/html/a...')
#9 /var/www/html/advanced/vendor/yiisoft/yii2/base/View.php(250): yii\base\View->renderPhpFile('/var/www/html/a...', Array)
#10 /var/www/html/advanced/vendor/yiisoft/yii2/base/Controller.php(396): yii\base\View->renderFile('/var/www/html/a...', Array, Object(frontend\controllers\SiteController))
#11 /var/www/html/advanced/vendor/yiisoft/yii2/base/Controller.php(382): yii\base\Controller->renderContent('<div class="sit...')
#12 /var/www/html/advanced/frontend/controllers/SiteController.php(75): yii\base\Controller->render('index')
#13 [internal function]: frontend\controllers\SiteController->actionIndex()
#14 /var/www/html/advanced/vendor/yiisoft/yii2/base/InlineAction.php(57): call_user_func_array(Array, Array)
#15 /var/www/html/advanced/vendor/yiisoft/yii2/base/Controller.php(156): yii\base\InlineAction->runWithParams(Array)
#16 /var/www/html/advanced/vendor/yiisoft/yii2/base/Module.php(523): yii\base\Controller->runAction('', Array)
#17 /var/www/html/advanced/vendor/yiisoft/yii2/web/Application.php(102): yii\base\Module->runAction('', Array)
#18 /var/www/html/advanced/vendor/yiisoft/yii2/base/Application.php(380): yii\web\Application->handleRequest(Object(yii\web\Request))
#19 /var/www/html/advanced/frontend/web/index.php(17): yii\base\Application->run()
#20 {main}
2017-08-21 10:20:19 [::1][-][-][info][application] $_SERVER = [
    'HTTP_HOST' => 'localhost'
    'HTTP_CONNECTION' => 'keep-alive'
    'HTTP_CACHE_CONTROL' => 'max-age=0'
    'HTTP_UPGRADE_INSECURE_REQUESTS' => '1'
    'HTTP_USER_AGENT' => 'Mozilla/5.0 (X11; Linux x86_64) AppleWebKit/537.36 (KHTML, like Gecko) Chrome/58.0.3029.96 Safari/537.36'
    'HTTP_ACCEPT' => 'text/html,application/xhtml+xml,application/xml;q=0.9,image/webp,*/*;q=0.8'
    'HTTP_ACCEPT_ENCODING' => 'gzip, deflate, sdch, br'
    'HTTP_ACCEPT_LANGUAGE' => 'en-GB,en-US;q=0.8,en;q=0.6'
    'PATH' => '/usr/local/sbin:/usr/local/bin:/usr/sbin:/usr/bin:/sbin:/bin'
    'SERVER_SIGNATURE' => '<address>Apache/2.4.7 (Ubuntu) Server at localhost Port 80</address>
'
    'SERVER_SOFTWARE' => 'Apache/2.4.7 (Ubuntu)'
    'SERVER_NAME' => 'localhost'
    'SERVER_ADDR' => '::1'
    'SERVER_PORT' => '80'
    'REMOTE_ADDR' => '::1'
    'DOCUMENT_ROOT' => '/var/www/html'
    'REQUEST_SCHEME' => 'http'
    'CONTEXT_PREFIX' => ''
    'CONTEXT_DOCUMENT_ROOT' => '/var/www/html'
    'SERVER_ADMIN' => 'webmaster@localhost'
    'SCRIPT_FILENAME' => '/var/www/html/advanced/frontend/web/index.php'
    'REMOTE_PORT' => '60973'
    'GATEWAY_INTERFACE' => 'CGI/1.1'
    'SERVER_PROTOCOL' => 'HTTP/1.1'
    'REQUEST_METHOD' => 'GET'
    'QUERY_STRING' => ''
    'REQUEST_URI' => '/advanced/frontend/web/'
    'SCRIPT_NAME' => '/advanced/frontend/web/index.php'
    'PHP_SELF' => '/advanced/frontend/web/index.php'
    'REQUEST_TIME_FLOAT' => 1503310819.812
    'REQUEST_TIME' => 1503310819
]
2017-08-21 10:21:34 [::1][-][-][error][yii\base\InvalidParamException] exception 'yii\base\InvalidParamException' with message 'The file or directory to be published does not exist: /var/www/html/advanced/vendor/bower/jquery/dist' in /var/www/html/advanced/vendor/yiisoft/yii2/web/AssetManager.php:454
Stack trace:
#0 /var/www/html/advanced/vendor/yiisoft/yii2/web/AssetBundle.php(185): yii\web\AssetManager->publish('/var/www/html/a...', Array)
#1 /var/www/html/advanced/vendor/yiisoft/yii2/web/AssetManager.php(268): yii\web\AssetBundle->publish(Object(yii\web\AssetManager))
#2 /var/www/html/advanced/vendor/yiisoft/yii2/web/AssetManager.php(239): yii\web\AssetManager->loadBundle('yii\\web\\JqueryA...', Array, true)
#3 /var/www/html/advanced/vendor/yiisoft/yii2/web/View.php(286): yii\web\AssetManager->getBundle('yii\\web\\JqueryA...')
#4 /var/www/html/advanced/vendor/yiisoft/yii2/web/View.php(291): yii\web\View->registerAssetBundle('yii\\web\\JqueryA...', NULL)
#5 /var/www/html/advanced/vendor/yiisoft/yii2/web/View.php(291): yii\web\View->registerAssetBundle('yii\\web\\YiiAsse...', NULL)
#6 /var/www/html/advanced/vendor/yiisoft/yii2/web/AssetBundle.php(125): yii\web\View->registerAssetBundle('frontend\\assets...')
#7 /var/www/html/advanced/frontend/views/layouts/main.php(13): yii\web\AssetBundle::register(Object(yii\web\View))
#8 /var/www/html/advanced/vendor/yiisoft/yii2/base/View.php(330): require('/var/www/html/a...')
#9 /var/www/html/advanced/vendor/yiisoft/yii2/base/View.php(250): yii\base\View->renderPhpFile('/var/www/html/a...', Array)
#10 /var/www/html/advanced/vendor/yiisoft/yii2/base/Controller.php(396): yii\base\View->renderFile('/var/www/html/a...', Array, Object(frontend\controllers\SiteController))
#11 /var/www/html/advanced/vendor/yiisoft/yii2/base/Controller.php(382): yii\base\Controller->renderContent('<div class="sit...')
#12 /var/www/html/advanced/frontend/controllers/SiteController.php(75): yii\base\Controller->render('index')
#13 [internal function]: frontend\controllers\SiteController->actionIndex()
#14 /var/www/html/advanced/vendor/yiisoft/yii2/base/InlineAction.php(57): call_user_func_array(Array, Array)
#15 /var/www/html/advanced/vendor/yiisoft/yii2/base/Controller.php(156): yii\base\InlineAction->runWithParams(Array)
#16 /var/www/html/advanced/vendor/yiisoft/yii2/base/Module.php(523): yii\base\Controller->runAction('', Array)
#17 /var/www/html/advanced/vendor/yiisoft/yii2/web/Application.php(102): yii\base\Module->runAction('', Array)
#18 /var/www/html/advanced/vendor/yiisoft/yii2/base/Application.php(380): yii\web\Application->handleRequest(Object(yii\web\Request))
#19 /var/www/html/advanced/frontend/web/index.php(18): yii\base\Application->run()
#20 {main}
2017-08-21 10:21:34 [::1][-][-][info][application] $_SERVER = [
    'HTTP_HOST' => 'localhost'
    'HTTP_CONNECTION' => 'keep-alive'
    'HTTP_CACHE_CONTROL' => 'max-age=0'
    'HTTP_UPGRADE_INSECURE_REQUESTS' => '1'
    'HTTP_USER_AGENT' => 'Mozilla/5.0 (X11; Linux x86_64) AppleWebKit/537.36 (KHTML, like Gecko) Chrome/58.0.3029.96 Safari/537.36'
    'HTTP_ACCEPT' => 'text/html,application/xhtml+xml,application/xml;q=0.9,image/webp,*/*;q=0.8'
    'HTTP_ACCEPT_ENCODING' => 'gzip, deflate, sdch, br'
    'HTTP_ACCEPT_LANGUAGE' => 'en-GB,en-US;q=0.8,en;q=0.6'
    'PATH' => '/usr/local/sbin:/usr/local/bin:/usr/sbin:/usr/bin:/sbin:/bin'
    'SERVER_SIGNATURE' => '<address>Apache/2.4.7 (Ubuntu) Server at localhost Port 80</address>
'
    'SERVER_SOFTWARE' => 'Apache/2.4.7 (Ubuntu)'
    'SERVER_NAME' => 'localhost'
    'SERVER_ADDR' => '::1'
    'SERVER_PORT' => '80'
    'REMOTE_ADDR' => '::1'
    'DOCUMENT_ROOT' => '/var/www/html'
    'REQUEST_SCHEME' => 'http'
    'CONTEXT_PREFIX' => ''
    'CONTEXT_DOCUMENT_ROOT' => '/var/www/html'
    'SERVER_ADMIN' => 'webmaster@localhost'
    'SCRIPT_FILENAME' => '/var/www/html/advanced/frontend/web/index.php'
    'REMOTE_PORT' => '60978'
    'GATEWAY_INTERFACE' => 'CGI/1.1'
    'SERVER_PROTOCOL' => 'HTTP/1.1'
    'REQUEST_METHOD' => 'GET'
    'QUERY_STRING' => ''
    'REQUEST_URI' => '/advanced/frontend/web/'
    'SCRIPT_NAME' => '/advanced/frontend/web/index.php'
    'PHP_SELF' => '/advanced/frontend/web/index.php'
    'REQUEST_TIME_FLOAT' => 1503310894.797
    'REQUEST_TIME' => 1503310894
]
2017-08-21 10:25:55 [::1][-][-][error][yii\base\InvalidParamException] exception 'yii\base\InvalidParamException' with message 'The file or directory to be published does not exist: /var/www/html/advanced/vendor/bower/jquery/dist' in /var/www/html/advanced/vendor/yiisoft/yii2/web/AssetManager.php:454
Stack trace:
#0 /var/www/html/advanced/vendor/yiisoft/yii2/web/AssetBundle.php(185): yii\web\AssetManager->publish('/var/www/html/a...', Array)
#1 /var/www/html/advanced/vendor/yiisoft/yii2/web/AssetManager.php(268): yii\web\AssetBundle->publish(Object(yii\web\AssetManager))
#2 /var/www/html/advanced/vendor/yiisoft/yii2/web/AssetManager.php(239): yii\web\AssetManager->loadBundle('yii\\web\\JqueryA...', Array, true)
#3 /var/www/html/advanced/vendor/yiisoft/yii2/web/View.php(286): yii\web\AssetManager->getBundle('yii\\web\\JqueryA...')
#4 /var/www/html/advanced/vendor/yiisoft/yii2/web/View.php(291): yii\web\View->registerAssetBundle('yii\\web\\JqueryA...', NULL)
#5 /var/www/html/advanced/vendor/yiisoft/yii2/web/View.php(291): yii\web\View->registerAssetBundle('yii\\web\\YiiAsse...', NULL)
#6 /var/www/html/advanced/vendor/yiisoft/yii2/web/AssetBundle.php(125): yii\web\View->registerAssetBundle('frontend\\assets...')
#7 /var/www/html/advanced/frontend/views/layouts/main.php(13): yii\web\AssetBundle::register(Object(yii\web\View))
#8 /var/www/html/advanced/vendor/yiisoft/yii2/base/View.php(330): require('/var/www/html/a...')
#9 /var/www/html/advanced/vendor/yiisoft/yii2/base/View.php(250): yii\base\View->renderPhpFile('/var/www/html/a...', Array)
#10 /var/www/html/advanced/vendor/yiisoft/yii2/base/Controller.php(396): yii\base\View->renderFile('/var/www/html/a...', Array, Object(frontend\controllers\SiteController))
#11 /var/www/html/advanced/vendor/yiisoft/yii2/base/Controller.php(382): yii\base\Controller->renderContent('<div class="sit...')
#12 /var/www/html/advanced/frontend/controllers/SiteController.php(75): yii\base\Controller->render('index')
#13 [internal function]: frontend\controllers\SiteController->actionIndex()
#14 /var/www/html/advanced/vendor/yiisoft/yii2/base/InlineAction.php(57): call_user_func_array(Array, Array)
#15 /var/www/html/advanced/vendor/yiisoft/yii2/base/Controller.php(156): yii\base\InlineAction->runWithParams(Array)
#16 /var/www/html/advanced/vendor/yiisoft/yii2/base/Module.php(523): yii\base\Controller->runAction('', Array)
#17 /var/www/html/advanced/vendor/yiisoft/yii2/web/Application.php(102): yii\base\Module->runAction('', Array)
#18 /var/www/html/advanced/vendor/yiisoft/yii2/base/Application.php(380): yii\web\Application->handleRequest(Object(yii\web\Request))
#19 /var/www/html/advanced/frontend/web/index.php(18): yii\base\Application->run()
#20 {main}
2017-08-21 10:25:55 [::1][-][-][info][application] $_SERVER = [
    'HTTP_HOST' => 'localhost'
    'HTTP_CONNECTION' => 'keep-alive'
    'HTTP_PRAGMA' => 'no-cache'
    'HTTP_CACHE_CONTROL' => 'no-cache'
    'HTTP_UPGRADE_INSECURE_REQUESTS' => '1'
    'HTTP_USER_AGENT' => 'Mozilla/5.0 (X11; Linux x86_64) AppleWebKit/537.36 (KHTML, like Gecko) Chrome/58.0.3029.96 Safari/537.36'
    'HTTP_ACCEPT' => 'text/html,application/xhtml+xml,application/xml;q=0.9,image/webp,*/*;q=0.8'
    'HTTP_ACCEPT_ENCODING' => 'gzip, deflate, sdch, br'
    'HTTP_ACCEPT_LANGUAGE' => 'en-GB,en-US;q=0.8,en;q=0.6'
    'PATH' => '/usr/local/sbin:/usr/local/bin:/usr/sbin:/usr/bin:/sbin:/bin'
    'SERVER_SIGNATURE' => '<address>Apache/2.4.7 (Ubuntu) Server at localhost Port 80</address>
'
    'SERVER_SOFTWARE' => 'Apache/2.4.7 (Ubuntu)'
    'SERVER_NAME' => 'localhost'
    'SERVER_ADDR' => '::1'
    'SERVER_PORT' => '80'
    'REMOTE_ADDR' => '::1'
    'DOCUMENT_ROOT' => '/var/www/html'
    'REQUEST_SCHEME' => 'http'
    'CONTEXT_PREFIX' => ''
    'CONTEXT_DOCUMENT_ROOT' => '/var/www/html'
    'SERVER_ADMIN' => 'webmaster@localhost'
    'SCRIPT_FILENAME' => '/var/www/html/advanced/frontend/web/index.php'
    'REMOTE_PORT' => '32874'
    'GATEWAY_INTERFACE' => 'CGI/1.1'
    'SERVER_PROTOCOL' => 'HTTP/1.1'
    'REQUEST_METHOD' => 'GET'
    'QUERY_STRING' => ''
    'REQUEST_URI' => '/advanced/frontend/web/'
    'SCRIPT_NAME' => '/advanced/frontend/web/index.php'
    'PHP_SELF' => '/advanced/frontend/web/index.php'
    'REQUEST_TIME_FLOAT' => 1503311155.126
    'REQUEST_TIME' => 1503311155
]
2017-08-21 10:38:09 [::1][-][-][error][yii\base\InvalidParamException] exception 'yii\base\InvalidParamException' with message 'The file or directory to be published does not exist: /var/www/html/advanced/vendor/bower/jquery/dist' in /var/www/html/advanced/vendor/yiisoft/yii2/web/AssetManager.php:454
Stack trace:
#0 /var/www/html/advanced/vendor/yiisoft/yii2/web/AssetBundle.php(185): yii\web\AssetManager->publish('/var/www/html/a...', Array)
#1 /var/www/html/advanced/vendor/yiisoft/yii2/web/AssetManager.php(268): yii\web\AssetBundle->publish(Object(yii\web\AssetManager))
#2 /var/www/html/advanced/vendor/yiisoft/yii2/web/AssetManager.php(239): yii\web\AssetManager->loadBundle('yii\\web\\JqueryA...', Array, true)
#3 /var/www/html/advanced/vendor/yiisoft/yii2/web/View.php(286): yii\web\AssetManager->getBundle('yii\\web\\JqueryA...')
#4 /var/www/html/advanced/vendor/yiisoft/yii2/web/View.php(291): yii\web\View->registerAssetBundle('yii\\web\\JqueryA...', NULL)
#5 /var/www/html/advanced/vendor/yiisoft/yii2/web/View.php(291): yii\web\View->registerAssetBundle('yii\\web\\YiiAsse...', NULL)
#6 /var/www/html/advanced/vendor/yiisoft/yii2/web/AssetBundle.php(125): yii\web\View->registerAssetBundle('frontend\\assets...')
#7 /var/www/html/advanced/frontend/views/layouts/main.php(13): yii\web\AssetBundle::register(Object(yii\web\View))
#8 /var/www/html/advanced/vendor/yiisoft/yii2/base/View.php(330): require('/var/www/html/a...')
#9 /var/www/html/advanced/vendor/yiisoft/yii2/base/View.php(250): yii\base\View->renderPhpFile('/var/www/html/a...', Array)
#10 /var/www/html/advanced/vendor/yiisoft/yii2/base/Controller.php(396): yii\base\View->renderFile('/var/www/html/a...', Array, Object(frontend\controllers\SiteController))
#11 /var/www/html/advanced/vendor/yiisoft/yii2/base/Controller.php(382): yii\base\Controller->renderContent('<div class="sit...')
#12 /var/www/html/advanced/frontend/controllers/SiteController.php(75): yii\base\Controller->render('index')
#13 [internal function]: frontend\controllers\SiteController->actionIndex()
#14 /var/www/html/advanced/vendor/yiisoft/yii2/base/InlineAction.php(57): call_user_func_array(Array, Array)
#15 /var/www/html/advanced/vendor/yiisoft/yii2/base/Controller.php(156): yii\base\InlineAction->runWithParams(Array)
#16 /var/www/html/advanced/vendor/yiisoft/yii2/base/Module.php(523): yii\base\Controller->runAction('', Array)
#17 /var/www/html/advanced/vendor/yiisoft/yii2/web/Application.php(102): yii\base\Module->runAction('', Array)
#18 /var/www/html/advanced/vendor/yiisoft/yii2/base/Application.php(380): yii\web\Application->handleRequest(Object(yii\web\Request))
#19 /var/www/html/advanced/frontend/web/index.php(18): yii\base\Application->run()
#20 {main}
2017-08-21 10:38:09 [::1][-][-][info][application] $_SERVER = [
    'HTTP_HOST' => 'localhost'
    'HTTP_CONNECTION' => 'keep-alive'
    'HTTP_PRAGMA' => 'no-cache'
    'HTTP_CACHE_CONTROL' => 'no-cache'
    'HTTP_UPGRADE_INSECURE_REQUESTS' => '1'
    'HTTP_USER_AGENT' => 'Mozilla/5.0 (X11; Linux x86_64) AppleWebKit/537.36 (KHTML, like Gecko) Chrome/58.0.3029.96 Safari/537.36'
    'HTTP_ACCEPT' => 'text/html,application/xhtml+xml,application/xml;q=0.9,image/webp,*/*;q=0.8'
    'HTTP_ACCEPT_ENCODING' => 'gzip, deflate, sdch, br'
    'HTTP_ACCEPT_LANGUAGE' => 'en-GB,en-US;q=0.8,en;q=0.6'
    'PATH' => '/usr/local/sbin:/usr/local/bin:/usr/sbin:/usr/bin:/sbin:/bin'
    'SERVER_SIGNATURE' => '<address>Apache/2.4.7 (Ubuntu) Server at localhost Port 80</address>
'
    'SERVER_SOFTWARE' => 'Apache/2.4.7 (Ubuntu)'
    'SERVER_NAME' => 'localhost'
    'SERVER_ADDR' => '::1'
    'SERVER_PORT' => '80'
    'REMOTE_ADDR' => '::1'
    'DOCUMENT_ROOT' => '/var/www/html'
    'REQUEST_SCHEME' => 'http'
    'CONTEXT_PREFIX' => ''
    'CONTEXT_DOCUMENT_ROOT' => '/var/www/html'
    'SERVER_ADMIN' => 'webmaster@localhost'
    'SCRIPT_FILENAME' => '/var/www/html/advanced/frontend/web/index.php'
    'REMOTE_PORT' => '32974'
    'GATEWAY_INTERFACE' => 'CGI/1.1'
    'SERVER_PROTOCOL' => 'HTTP/1.1'
    'REQUEST_METHOD' => 'GET'
    'QUERY_STRING' => ''
    'REQUEST_URI' => '/advanced/frontend/web/'
    'SCRIPT_NAME' => '/advanced/frontend/web/index.php'
    'PHP_SELF' => '/advanced/frontend/web/index.php'
    'REQUEST_TIME_FLOAT' => 1503311888.846
    'REQUEST_TIME' => 1503311888
]
